-------------------------------------------------------------------------------
Test set: cengage.samlms.cukes.LMSStories2CukesTest
-------------------------------------------------------------------------------
Tests run: 891, Failures: 18, Errors: 0, Skipped: 163, Time elapsed: 7,227.109 sec <<< FAILURE!
And I see join section header content(| DP:SUPER.USERNAME | DP:SUPER.PASSWORD | Users | DP:STUDENTS.STUDENT1.FIRSTNAME | DP:STUDENTS.STUDENT1.LASTNAME | Student | DP:STUDENTS.STUDENT1.USERNAME | DP:STUDENTS.STUDENT1.PASSWORD | DP:SECRET.QUESTION | DP:SECRET.ANSWER | DP:STUDENTS.STUDENT1.NEWPASSWORD | Y | N | Sections | Join a Section | DP:SECTIONS.SECTIONNAME | https:\/\/sam.cengage.com\/Content\/InstructionFiles\/Help\/Student\/Student%20Help.htm#_Toc421607419 |)  Time elapsed: 0.015 sec  <<< FAILURE!
java.lang.AssertionError
	at org.junit.Assert.fail(Assert.java:86)
	at org.junit.Assert.assertTrue(Assert.java:41)
	at org.junit.Assert.assertTrue(Assert.java:52)
	at cengage.samlms.stepdefinition.UsersSteps.I_see_join_section_header_content(UsersSteps.java:675)
	at ?.And I see join section header content(test/resources/cengage/samlms/lms_stories/Assignment_Name_Validation.feature:69)
| DP:SUPER.USERNAME | DP:SUPER.PASSWORD | Users | DP:STUDENTS.STUDENT1.FIRSTNAME | DP:STUDENTS.STUDENT1.LASTNAME | Student | DP:STUDENTS.STUDENT1.USERNAME | DP:STUDENTS.STUDENT1.PASSWORD | DP:SECRET.QUESTION | DP:SECRET.ANSWER | DP:STUDENTS.STUDENT1.NEWPASSWORD | Y | N | Sections | Join a Section | DP:SECTIONS.SECTIONNAME | https:\/\/sam.cengage.com\/Content\/InstructionFiles\/Help\/Student\/Student%20Help.htm#_Toc421607419 |  Time elapsed: 0.015 sec  <<< FAILURE!
java.lang.AssertionError
	at org.junit.Assert.fail(Assert.java:86)
	at org.junit.Assert.assertTrue(Assert.java:41)
	at org.junit.Assert.assertTrue(Assert.java:52)
	at cengage.samlms.stepdefinition.UsersSteps.I_see_join_section_header_content(UsersSteps.java:675)
	at ?.And I see join section header content(test/resources/cengage/samlms/lms_stories/Assignment_Name_Validation.feature:69)
Then I click on X icon(| DP:SUPER.USERNAME | DP:SUPER.PASSWORD | SAM Assignments | Assignments | DP:EXAMASSIGNMENTS.EXAMNAME1 | DP:EXAMASSIGNMENTS.ISAEXAMNAME | DP:SECTIONS.SECTIONNAME | Y | N | DP:STUDENTS.STUDENT1.FULLNAME |)  Time elapsed: 0 sec  <<< FAILURE!
java.lang.AssertionError
	at org.junit.Assert.fail(Assert.java:86)
	at org.junit.Assert.assertTrue(Assert.java:41)
	at org.junit.Assert.assertTrue(Assert.java:52)
	at cengage.samlms.stepdefinition.SAMAssignmentsSteps.I_click_on_X_icon(SAMAssignmentsSteps.java:105)
	at ?.Then I click on X icon(test/resources/cengage/samlms/lms_stories/Assignment_Name_Validation.feature:333)
| DP:SUPER.USERNAME | DP:SUPER.PASSWORD | SAM Assignments | Assignments | DP:EXAMASSIGNMENTS.EXAMNAME1 | DP:EXAMASSIGNMENTS.ISAEXAMNAME | DP:SECTIONS.SECTIONNAME | Y | N | DP:STUDENTS.STUDENT1.FULLNAME |  Time elapsed: 0 sec  <<< FAILURE!
java.lang.AssertionError
	at org.junit.Assert.fail(Assert.java:86)
	at org.junit.Assert.assertTrue(Assert.java:41)
	at org.junit.Assert.assertTrue(Assert.java:52)
	at cengage.samlms.stepdefinition.SAMAssignmentsSteps.I_click_on_X_icon(SAMAssignmentsSteps.java:105)
	at ?.Then I click on X icon(test/resources/cengage/samlms/lms_stories/Assignment_Name_Validation.feature:333)
Then I click on X icon(| DP:SUPER.USERNAME | DP:SUPER.PASSWORD | SAM Assignments | Assignments | DP:TRAININGASSIGNMENTS.TRAININGNAME1 | DP:SECTIONS.SECTIONNAME | DP:TRAININGASSIGNMENTS.TRAININGISANAME1 | Y | N | DP:STUDENTS.STUDENT1.FULLNAME |)  Time elapsed: 0 sec  <<< FAILURE!
java.lang.AssertionError
	at org.junit.Assert.fail(Assert.java:86)
	at org.junit.Assert.assertTrue(Assert.java:41)
	at org.junit.Assert.assertTrue(Assert.java:52)
	at cengage.samlms.stepdefinition.SAMAssignmentsSteps.I_click_on_X_icon(SAMAssignmentsSteps.java:105)
	at ?.Then I click on X icon(test/resources/cengage/samlms/lms_stories/Assignment_Name_Validation.feature:356)
| DP:SUPER.USERNAME | DP:SUPER.PASSWORD | SAM Assignments | Assignments | DP:TRAININGASSIGNMENTS.TRAININGNAME1 | DP:SECTIONS.SECTIONNAME | DP:TRAININGASSIGNMENTS.TRAININGISANAME1 | Y | N | DP:STUDENTS.STUDENT1.FULLNAME |  Time elapsed: 0 sec  <<< FAILURE!
java.lang.AssertionError
	at org.junit.Assert.fail(Assert.java:86)
	at org.junit.Assert.assertTrue(Assert.java:41)
	at org.junit.Assert.assertTrue(Assert.java:52)
	at cengage.samlms.stepdefinition.SAMAssignmentsSteps.I_click_on_X_icon(SAMAssignmentsSteps.java:105)
	at ?.Then I click on X icon(test/resources/cengage/samlms/lms_stories/Assignment_Name_Validation.feature:356)
Then I click on X icon(| DP:SUPER.USERNAME | DP:SUPER.PASSWORD | Y | SAM Assignments | Assignments | DP:PROJECTASSIGNMENTS.PROJECTASSIGNMENTNAME1 | N | DP:PROJECTASSIGNMENTS.PROJECTISANAME | DP:SECTIONS.SECTIONNAME | DP:STUDENTS.STUDENT1.FULLNAME |)  Time elapsed: 0 sec  <<< FAILURE!
java.lang.AssertionError
	at org.junit.Assert.fail(Assert.java:86)
	at org.junit.Assert.assertTrue(Assert.java:41)
	at org.junit.Assert.assertTrue(Assert.java:52)
	at cengage.samlms.stepdefinition.SAMAssignmentsSteps.I_click_on_X_icon(SAMAssignmentsSteps.java:105)
	at ?.Then I click on X icon(test/resources/cengage/samlms/lms_stories/Assignment_Name_Validation.feature:379)
| DP:SUPER.USERNAME | DP:SUPER.PASSWORD | Y | SAM Assignments | Assignments | DP:PROJECTASSIGNMENTS.PROJECTASSIGNMENTNAME1 | N | DP:PROJECTASSIGNMENTS.PROJECTISANAME | DP:SECTIONS.SECTIONNAME | DP:STUDENTS.STUDENT1.FULLNAME |  Time elapsed: 0 sec  <<< FAILURE!
java.lang.AssertionError
	at org.junit.Assert.fail(Assert.java:86)
	at org.junit.Assert.assertTrue(Assert.java:41)
	at org.junit.Assert.assertTrue(Assert.java:52)
	at cengage.samlms.stepdefinition.SAMAssignmentsSteps.I_click_on_X_icon(SAMAssignmentsSteps.java:105)
	at ?.Then I click on X icon(test/resources/cengage/samlms/lms_stories/Assignment_Name_Validation.feature:379)
Then I click on X icon(| DP:SUPER.USERNAME | Y | DP:SUPER.PASSWORD | SAM Assignments | Assignments | DP:SAMPATHASSIGNMENTS.SAMPATHNAME | N | DP:SAMPATHASSIGNMENTS.ISASAMPATHANAME | DP:SECTIONS.SECTIONNAME | DP:STUDENTS.STUDENT1.FULLNAME |)  Time elapsed: 0 sec  <<< FAILURE!
java.lang.AssertionError
	at org.junit.Assert.fail(Assert.java:86)
	at org.junit.Assert.assertTrue(Assert.java:41)
	at org.junit.Assert.assertTrue(Assert.java:52)
	at cengage.samlms.stepdefinition.SAMAssignmentsSteps.I_click_on_X_icon(SAMAssignmentsSteps.java:105)
	at ?.Then I click on X icon(test/resources/cengage/samlms/lms_stories/Assignment_Name_Validation.feature:402)
| DP:SUPER.USERNAME | Y | DP:SUPER.PASSWORD | SAM Assignments | Assignments | DP:SAMPATHASSIGNMENTS.SAMPATHNAME | N | DP:SAMPATHASSIGNMENTS.ISASAMPATHANAME | DP:SECTIONS.SECTIONNAME | DP:STUDENTS.STUDENT1.FULLNAME |  Time elapsed: 0 sec  <<< FAILURE!
java.lang.AssertionError
	at org.junit.Assert.fail(Assert.java:86)
	at org.junit.Assert.assertTrue(Assert.java:41)
	at org.junit.Assert.assertTrue(Assert.java:52)
	at cengage.samlms.stepdefinition.SAMAssignmentsSteps.I_click_on_X_icon(SAMAssignmentsSteps.java:105)
	at ?.Then I click on X icon(test/resources/cengage/samlms/lms_stories/Assignment_Name_Validation.feature:402)
And I see the DP:EXAMASSIGNMENTS.ISAEXAMNAME Y duplicate assignment warning message Popup in Assignment Creation(| DP:SUPER.USERNAME | DP:SUPER.PASSWORD | DP:SAMPATHASSIGNMENTS.SAMPATHSUBJECT | DP:STUDENTS.STUDENT2.FULLNAME | DP:SECTIONS.SECTIONNAME | Y | N | SAM Assignments | Assignments | DP:EXAMASSIGNMENTS.EXAMNAME1 | DP:TRAININGASSIGNMENTS.TRAININGNAME1 | DP:PROJECTASSIGNMENTS.PROJECTASSIGNMENTNAME1 | DP:SAMPATHASSIGNMENTS.SAMPATHNAME | DP:EXAMASSIGNMENTS.ISAEXAMNAME | DP:TRAININGASSIGNMENTS.TRAININGISANAME1 | DP:PROJECTASSIGNMENTS.PROJECTISANAME | DP:SAMPATHASSIGNMENTS.ISASAMPATHANAME |)  Time elapsed: 0 sec  <<< FAILURE!
java.lang.AssertionError
	at org.junit.Assert.fail(Assert.java:86)
	at org.junit.Assert.assertTrue(Assert.java:41)
	at org.junit.Assert.assertTrue(Assert.java:52)
	at cengage.samlms.stepdefinition.SAMAssignmentsSteps.I_see_the_duplicate_assignment_warning_message_Popup_in_Assignment_Creation(SAMAssignmentsSteps.java:738)
	at ?.And I see the DP:EXAMASSIGNMENTS.ISAEXAMNAME Y duplicate assignment warning message Popup in Assignment Creation(test/resources/cengage/samlms/lms_stories/Assignment_Name_Validation.feature:444)
| DP:SUPER.USERNAME | DP:SUPER.PASSWORD | DP:SAMPATHASSIGNMENTS.SAMPATHSUBJECT | DP:STUDENTS.STUDENT2.FULLNAME | DP:SECTIONS.SECTIONNAME | Y | N | SAM Assignments | Assignments | DP:EXAMASSIGNMENTS.EXAMNAME1 | DP:TRAININGASSIGNMENTS.TRAININGNAME1 | DP:PROJECTASSIGNMENTS.PROJECTASSIGNMENTNAME1 | DP:SAMPATHASSIGNMENTS.SAMPATHNAME | DP:EXAMASSIGNMENTS.ISAEXAMNAME | DP:TRAININGASSIGNMENTS.TRAININGISANAME1 | DP:PROJECTASSIGNMENTS.PROJECTISANAME | DP:SAMPATHASSIGNMENTS.ISASAMPATHANAME |  Time elapsed: 0 sec  <<< FAILURE!
java.lang.AssertionError
	at org.junit.Assert.fail(Assert.java:86)
	at org.junit.Assert.assertTrue(Assert.java:41)
	at org.junit.Assert.assertTrue(Assert.java:52)
	at cengage.samlms.stepdefinition.SAMAssignmentsSteps.I_see_the_duplicate_assignment_warning_message_Popup_in_Assignment_Creation(SAMAssignmentsSteps.java:738)
	at ?.And I see the DP:EXAMASSIGNMENTS.ISAEXAMNAME Y duplicate assignment warning message Popup in Assignment Creation(test/resources/cengage/samlms/lms_stories/Assignment_Name_Validation.feature:444)
And I see the DP:TRAININGASSIGNMENTS.TRAININGISANAME1 Y duplicate assignment warning message Popup in Assignment Creation(| DP:SUPER.USERNAME | DP:SUPER.PASSWORD | DP:STUDENTS.STUDENT2.FULLNAME | DP:SECTIONS.SECTIONNAME | DP:TRAININGASSIGNMENTS.TRAININGNAME1 | DP:SAMPATHASSIGNMENTS.SAMPATHSUBJECT | Assignments | Y | N | SAM Assignments | DP:EXAMASSIGNMENTS.EXAMNAME1 | DP:TRAININGASSIGNMENTS.TRAININGNAME1 | DP:PROJECTASSIGNMENTS.PROJECTASSIGNMENTNAME1 | DP:SAMPATHASSIGNMENTS.SAMPATHNAME | DP:EXAMASSIGNMENTS.ISAEXAMNAME | DP:TRAININGASSIGNMENTS.TRAININGISANAME1 | DP:PROJECTASSIGNMENTS.PROJECTISANAME | DP:SAMPATHASSIGNMENTS.ISASAMPATHANAME |)  Time elapsed: 0 sec  <<< FAILURE!
java.lang.AssertionError
	at org.junit.Assert.fail(Assert.java:86)
	at org.junit.Assert.assertTrue(Assert.java:41)
	at org.junit.Assert.assertTrue(Assert.java:52)
	at cengage.samlms.stepdefinition.SAMAssignmentsSteps.I_see_the_duplicate_assignment_warning_message_Popup_in_Assignment_Creation(SAMAssignmentsSteps.java:738)
	at ?.And I see the DP:TRAININGASSIGNMENTS.TRAININGISANAME1 Y duplicate assignment warning message Popup in Assignment Creation(test/resources/cengage/samlms/lms_stories/Assignment_Name_Validation.feature:532)
| DP:SUPER.USERNAME | DP:SUPER.PASSWORD | DP:STUDENTS.STUDENT2.FULLNAME | DP:SECTIONS.SECTIONNAME | DP:TRAININGASSIGNMENTS.TRAININGNAME1 | DP:SAMPATHASSIGNMENTS.SAMPATHSUBJECT | Assignments | Y | N | SAM Assignments | DP:EXAMASSIGNMENTS.EXAMNAME1 | DP:TRAININGASSIGNMENTS.TRAININGNAME1 | DP:PROJECTASSIGNMENTS.PROJECTASSIGNMENTNAME1 | DP:SAMPATHASSIGNMENTS.SAMPATHNAME | DP:EXAMASSIGNMENTS.ISAEXAMNAME | DP:TRAININGASSIGNMENTS.TRAININGISANAME1 | DP:PROJECTASSIGNMENTS.PROJECTISANAME | DP:SAMPATHASSIGNMENTS.ISASAMPATHANAME |  Time elapsed: 0 sec  <<< FAILURE!
java.lang.AssertionError
	at org.junit.Assert.fail(Assert.java:86)
	at org.junit.Assert.assertTrue(Assert.java:41)
	at org.junit.Assert.assertTrue(Assert.java:52)
	at cengage.samlms.stepdefinition.SAMAssignmentsSteps.I_see_the_duplicate_assignment_warning_message_Popup_in_Assignment_Creation(SAMAssignmentsSteps.java:738)
	at ?.And I see the DP:TRAININGASSIGNMENTS.TRAININGISANAME1 Y duplicate assignment warning message Popup in Assignment Creation(test/resources/cengage/samlms/lms_stories/Assignment_Name_Validation.feature:532)
And I see the DP:PROJECTASSIGNMENTS.PROJECTISANAME Y duplicate assignment warning message Popup in Assignment Creation(| DP:SUPER.USERNAME | DP:SUPER.PASSWORD | DP:STUDENTS.STUDENT2.FULLNAME | DP:SECTIONS.SECTIONNAME | DP:TEXTBOOK.BOOK | DP:PROJECTASSIGNMENTS.PROJECTUNITS | DP:PROJECTASSIGNMENTS.PROJECTSUBJECT | Y | N | SAM Assignments | Assignments | CMPTR PowerPoint 2013 Chapter 20: SAM Project 1a | DP:EXAMASSIGNMENTS.EXAMNAME1 | DP:TRAININGASSIGNMENTS.TRAININGNAME1 | DP:PROJECTASSIGNMENTS.PROJECTASSIGNMENTNAME1 | DP:SAMPATHASSIGNMENTS.SAMPATHNAME | DP:EXAMASSIGNMENTS.ISAEXAMNAME | DP:TRAININGASSIGNMENTS.TRAININGISANAME1 | DP:PROJECTASSIGNMENTS.PROJECTISANAME | DP:SAMPATHASSIGNMENTS.ISASAMPATHANAME |)  Time elapsed: 0 sec  <<< FAILURE!
java.lang.AssertionError
	at org.junit.Assert.fail(Assert.java:86)
	at org.junit.Assert.assertTrue(Assert.java:41)
	at org.junit.Assert.assertTrue(Assert.java:52)
	at cengage.samlms.stepdefinition.SAMAssignmentsSteps.I_see_the_duplicate_assignment_warning_message_Popup_in_Assignment_Creation(SAMAssignmentsSteps.java:738)
	at ?.And I see the DP:PROJECTASSIGNMENTS.PROJECTISANAME Y duplicate assignment warning message Popup in Assignment Creation(test/resources/cengage/samlms/lms_stories/Assignment_Name_Validation.feature:623)
| DP:SUPER.USERNAME | DP:SUPER.PASSWORD | DP:STUDENTS.STUDENT2.FULLNAME | DP:SECTIONS.SECTIONNAME | DP:TEXTBOOK.BOOK | DP:PROJECTASSIGNMENTS.PROJECTUNITS | DP:PROJECTASSIGNMENTS.PROJECTSUBJECT | Y | N | SAM Assignments | Assignments | CMPTR PowerPoint 2013 Chapter 20: SAM Project 1a | DP:EXAMASSIGNMENTS.EXAMNAME1 | DP:TRAININGASSIGNMENTS.TRAININGNAME1 | DP:PROJECTASSIGNMENTS.PROJECTASSIGNMENTNAME1 | DP:SAMPATHASSIGNMENTS.SAMPATHNAME | DP:EXAMASSIGNMENTS.ISAEXAMNAME | DP:TRAININGASSIGNMENTS.TRAININGISANAME1 | DP:PROJECTASSIGNMENTS.PROJECTISANAME | DP:SAMPATHASSIGNMENTS.ISASAMPATHANAME |  Time elapsed: 0 sec  <<< FAILURE!
java.lang.AssertionError
	at org.junit.Assert.fail(Assert.java:86)
	at org.junit.Assert.assertTrue(Assert.java:41)
	at org.junit.Assert.assertTrue(Assert.java:52)
	at cengage.samlms.stepdefinition.SAMAssignmentsSteps.I_see_the_duplicate_assignment_warning_message_Popup_in_Assignment_Creation(SAMAssignmentsSteps.java:738)
	at ?.And I see the DP:PROJECTASSIGNMENTS.PROJECTISANAME Y duplicate assignment warning message Popup in Assignment Creation(test/resources/cengage/samlms/lms_stories/Assignment_Name_Validation.feature:623)
And I see the DP:SAMPATHASSIGNMENTS.ISASAMPATHANAME Y duplicate assignment warning message Popup in Assignment Creation(| DP:SUPER.USERNAME | DP:SUPER.PASSWORD | DP:STUDENTS.STUDENT2.FULLNAME | DP:SECTIONS.SECTIONNAME | DP:SAMPATHASSIGNMENTS.SAMPATHSUBJECT | Y | N | SAM Assignments | Assignments | DP:EXAMASSIGNMENTS.EXAMNAME1 | DP:TRAININGASSIGNMENTS.TRAININGNAME1 | DP:PROJECTASSIGNMENTS.PROJECTASSIGNMENTNAME1 | DP:SAMPATHASSIGNMENTS.SAMPATHNAME | DP:EXAMASSIGNMENTS.ISAEXAMNAME | DP:TRAININGASSIGNMENTS.TRAININGISANAME1 | DP:PROJECTASSIGNMENTS.PROJECTISANAME | DP:SAMPATHASSIGNMENTS.ISASAMPATHANAME |)  Time elapsed: 0 sec  <<< FAILURE!
java.lang.AssertionError
	at org.junit.Assert.fail(Assert.java:86)
	at org.junit.Assert.assertTrue(Assert.java:41)
	at org.junit.Assert.assertTrue(Assert.java:52)
	at cengage.samlms.stepdefinition.SAMAssignmentsSteps.I_see_the_duplicate_assignment_warning_message_Popup_in_Assignment_Creation(SAMAssignmentsSteps.java:738)
	at ?.And I see the DP:SAMPATHASSIGNMENTS.ISASAMPATHANAME Y duplicate assignment warning message Popup in Assignment Creation(test/resources/cengage/samlms/lms_stories/Assignment_Name_Validation.feature:713)
| DP:SUPER.USERNAME | DP:SUPER.PASSWORD | DP:STUDENTS.STUDENT2.FULLNAME | DP:SECTIONS.SECTIONNAME | DP:SAMPATHASSIGNMENTS.SAMPATHSUBJECT | Y | N | SAM Assignments | Assignments | DP:EXAMASSIGNMENTS.EXAMNAME1 | DP:TRAININGASSIGNMENTS.TRAININGNAME1 | DP:PROJECTASSIGNMENTS.PROJECTASSIGNMENTNAME1 | DP:SAMPATHASSIGNMENTS.SAMPATHNAME | DP:EXAMASSIGNMENTS.ISAEXAMNAME | DP:TRAININGASSIGNMENTS.TRAININGISANAME1 | DP:PROJECTASSIGNMENTS.PROJECTISANAME | DP:SAMPATHASSIGNMENTS.ISASAMPATHANAME |  Time elapsed: 0 sec  <<< FAILURE!
java.lang.AssertionError
	at org.junit.Assert.fail(Assert.java:86)
	at org.junit.Assert.assertTrue(Assert.java:41)
	at org.junit.Assert.assertTrue(Assert.java:52)
	at cengage.samlms.stepdefinition.SAMAssignmentsSteps.I_see_the_duplicate_assignment_warning_message_Popup_in_Assignment_Creation(SAMAssignmentsSteps.java:738)
	at ?.And I see the DP:SAMPATHASSIGNMENTS.ISASAMPATHANAME Y duplicate assignment warning message Popup in Assignment Creation(test/resources/cengage/samlms/lms_stories/Assignment_Name_Validation.feature:713)
