-------------------------------------------------------------------------------
Test set: cengage.samlms.cukes.KBTrainingAssignmentValidationCukesTest
-------------------------------------------------------------------------------
Tests run: 432, Failures: 12, Errors: 0, Skipped: 125, Time elapsed: 9,481.073 sec <<< FAILURE!
And I verify Lesson 1 lesson available value should be blank(| super_T2088807@sam.com | DP:SUPER.PASSWORD | DP:SECTIONS.SECTIONNAME | MMM d\u002C yyyy | L1 Training: Computer Basics | N | Y |)  Time elapsed: 0.004 sec  <<< FAILURE!
java.lang.AssertionError
	at org.junit.Assert.fail(Assert.java:86)
	at org.junit.Assert.assertTrue(Assert.java:41)
	at org.junit.Assert.assertTrue(Assert.java:52)
	at cengage.samlms.stepdefinition.SAMAssignmentsSteps.iVerifyLessonLessonAvailableValueShouldBeBlank(SAMAssignmentsSteps.java:2635)
	at ?.And I verify Lesson 1 lesson available value should be blank(test/resources/cengage/samlms/keyboarding/KB_Training_Assignment_Validation.feature:123)
| super_T2088807@sam.com | DP:SUPER.PASSWORD | DP:SECTIONS.SECTIONNAME | MMM d\u002C yyyy | L1 Training: Computer Basics | N | Y |  Time elapsed: 0.005 sec  <<< FAILURE!
java.lang.AssertionError
	at org.junit.Assert.fail(Assert.java:86)
	at org.junit.Assert.assertTrue(Assert.java:41)
	at org.junit.Assert.assertTrue(Assert.java:52)
	at cengage.samlms.stepdefinition.SAMAssignmentsSteps.iVerifyLessonLessonAvailableValueShouldBeBlank(SAMAssignmentsSteps.java:2635)
	at ?.And I verify Lesson 1 lesson available value should be blank(test/resources/cengage/samlms/keyboarding/KB_Training_Assignment_Validation.feature:123)
And I verify Lesson 6 lesson available value should be blank(| L6 Textbook Drills: Home Keys (fdsa jkl;) | DP:SECTIONS.SECTIONNAME | Y | MMM d\u002C yyyy | L6 Additional Drills: Learn Home Row\u002C Enter\u002C and Space Bar | N | N |)  Time elapsed: 0.001 sec  <<< FAILURE!
java.lang.AssertionError
	at org.junit.Assert.fail(Assert.java:86)
	at org.junit.Assert.assertTrue(Assert.java:41)
	at org.junit.Assert.assertTrue(Assert.java:52)
	at cengage.samlms.stepdefinition.SAMAssignmentsSteps.iVerifyLessonLessonAvailableValueShouldBeBlank(SAMAssignmentsSteps.java:2635)
	at ?.And I verify Lesson 6 lesson available value should be blank(test/resources/cengage/samlms/keyboarding/KB_Training_Assignment_Validation.feature:165)
| L6 Textbook Drills: Home Keys (fdsa jkl;) | DP:SECTIONS.SECTIONNAME | Y | MMM d\u002C yyyy | L6 Additional Drills: Learn Home Row\u002C Enter\u002C and Space Bar | N | N |  Time elapsed: 0.002 sec  <<< FAILURE!
java.lang.AssertionError
	at org.junit.Assert.fail(Assert.java:86)
	at org.junit.Assert.assertTrue(Assert.java:41)
	at org.junit.Assert.assertTrue(Assert.java:52)
	at cengage.samlms.stepdefinition.SAMAssignmentsSteps.iVerifyLessonLessonAvailableValueShouldBeBlank(SAMAssignmentsSteps.java:2635)
	at ?.And I verify Lesson 6 lesson available value should be blank(test/resources/cengage/samlms/keyboarding/KB_Training_Assignment_Validation.feature:165)
And I click to expand Lesson 3 lesson in SAM Assignments page(| L2 Training: Application Software Basics | DP:SECTIONS.SECTIONNAME | L3 Training: Using a Software Application | MMM d\u002C yyyy | N | Y |)  Time elapsed: 0 sec  <<< FAILURE!
java.lang.AssertionError
	at org.junit.Assert.fail(Assert.java:86)
	at org.junit.Assert.assertTrue(Assert.java:41)
	at org.junit.Assert.assertTrue(Assert.java:52)
	at cengage.samlms.stepdefinition.SAMAssignmentsSteps.iClickToExpandLessonnoLessonInSAMAssignmentsPage(SAMAssignmentsSteps.java:2615)
	at ?.And I click to expand Lesson 3 lesson in SAM Assignments page(test/resources/cengage/samlms/keyboarding/KB_Training_Assignment_Validation.feature:211)
| L2 Training: Application Software Basics | DP:SECTIONS.SECTIONNAME | L3 Training: Using a Software Application | MMM d\u002C yyyy | N | Y |  Time elapsed: 0.001 sec  <<< FAILURE!
java.lang.AssertionError
	at org.junit.Assert.fail(Assert.java:86)
	at org.junit.Assert.assertTrue(Assert.java:41)
	at org.junit.Assert.assertTrue(Assert.java:52)
	at cengage.samlms.stepdefinition.SAMAssignmentsSteps.iClickToExpandLessonnoLessonInSAMAssignmentsPage(SAMAssignmentsSteps.java:2615)
	at ?.And I click to expand Lesson 3 lesson in SAM Assignments page(test/resources/cengage/samlms/keyboarding/KB_Training_Assignment_Validation.feature:211)
And I should DP:KEYBOARDING.LESSON2 edit keyboarding Lesson(| super_T2088807@sam.com | password | N | &SECTIONS.SECTIONNAME2_RANDOM& | DP:KEYBOARDING.LESSON2 | DP:KEYBOARDING.KBTRAININGTASK |)  Time elapsed: 0.001 sec  <<< FAILURE!
java.lang.AssertionError
	at org.junit.Assert.fail(Assert.java:86)
	at org.junit.Assert.assertTrue(Assert.java:41)
	at org.junit.Assert.assertTrue(Assert.java:52)
	at cengage.samlms.stepdefinition.SectionsSteps.iShouldLessonNoEditKeyboardingLesson(SectionsSteps.java:6257)
	at ?.And I should DP:KEYBOARDING.LESSON2 edit keyboarding Lesson(test/resources/cengage/samlms/keyboarding/KB_Training_Assignment_Validation.feature:473)
| super_T2088807@sam.com | password | N | &SECTIONS.SECTIONNAME2_RANDOM& | DP:KEYBOARDING.LESSON2 | DP:KEYBOARDING.KBTRAININGTASK |  Time elapsed: 0.001 sec  <<< FAILURE!
java.lang.AssertionError
	at org.junit.Assert.fail(Assert.java:86)
	at org.junit.Assert.assertTrue(Assert.java:41)
	at org.junit.Assert.assertTrue(Assert.java:52)
	at cengage.samlms.stepdefinition.SectionsSteps.iShouldLessonNoEditKeyboardingLesson(SectionsSteps.java:6257)
	at ?.And I should DP:KEYBOARDING.LESSON2 edit keyboarding Lesson(test/resources/cengage/samlms/keyboarding/KB_Training_Assignment_Validation.feature:473)
And I enter L42 Palmetto Event Solutions Project 1 in lesson search textbox(| adminusertester@email.com | password | Assignments | Graded File | Submitted File | Completed Date | string | L42 Palmetto Event Solutions Project 1 | L42 Palmetto Event Solutions Project 1edit | sectiontester | user001\u002C manualstudent | N | MM\/dd\/yy h:mm aaa | N |)  Time elapsed: 0.001 sec  <<< FAILURE!
java.lang.AssertionError
	at org.junit.Assert.fail(Assert.java:86)
	at org.junit.Assert.assertTrue(Assert.java:41)
	at org.junit.Assert.assertTrue(Assert.java:52)
	at cengage.samlms.stepdefinition.SectionsSteps.iEnterLessonNameInLessonSearchTextbox(SectionsSteps.java:5157)
	at ?.And I enter L42 Palmetto Event Solutions Project 1 in lesson search textbox(test/resources/cengage/samlms/keyboarding/KB_Training_Assignment_Validation.feature:508)
| adminusertester@email.com | password | Assignments | Graded File | Submitted File | Completed Date | string | L42 Palmetto Event Solutions Project 1 | L42 Palmetto Event Solutions Project 1edit | sectiontester | user001\u002C manualstudent | N | MM\/dd\/yy h:mm aaa | N |  Time elapsed: 0.001 sec  <<< FAILURE!
java.lang.AssertionError
	at org.junit.Assert.fail(Assert.java:86)
	at org.junit.Assert.assertTrue(Assert.java:41)
	at org.junit.Assert.assertTrue(Assert.java:52)
	at cengage.samlms.stepdefinition.SectionsSteps.iEnterLessonNameInLessonSearchTextbox(SectionsSteps.java:5157)
	at ?.And I enter L42 Palmetto Event Solutions Project 1 in lesson search textbox(test/resources/cengage/samlms/keyboarding/KB_Training_Assignment_Validation.feature:508)
And I should see L1 Exam: Computer Basics options following to assignmentName in SAM Assignments page Lesson 1(| super_T2088807@sam.com | password | &SECTIONS.SECTIONNAME3_RANDOM& | L1 Exam: Computer Basics | Lesson 1 | N |)  Time elapsed: 0.007 sec  <<< FAILURE!
java.lang.AssertionError
	at org.junit.Assert.fail(Assert.java:86)
	at org.junit.Assert.assertTrue(Assert.java:41)
	at org.junit.Assert.assertTrue(Assert.java:52)
	at cengage.samlms.stepdefinition.SectionsSteps.iShouldSeeExamAssignmentNameOptionsFollowingToAssignmentNameInSAMAssignmentsPageLessonNo(SectionsSteps.java:6332)
	at ?.And I should see L1 Exam: Computer Basics options following to assignmentName in SAM Assignments page Lesson 1(test/resources/cengage/samlms/keyboarding/KB_Training_Assignment_Validation.feature:605)
| super_T2088807@sam.com | password | &SECTIONS.SECTIONNAME3_RANDOM& | L1 Exam: Computer Basics | Lesson 1 | N |  Time elapsed: 0.009 sec  <<< FAILURE!
java.lang.AssertionError
	at org.junit.Assert.fail(Assert.java:86)
	at org.junit.Assert.assertTrue(Assert.java:41)
	at org.junit.Assert.assertTrue(Assert.java:52)
	at cengage.samlms.stepdefinition.SectionsSteps.iShouldSeeExamAssignmentNameOptionsFollowingToAssignmentNameInSAMAssignmentsPageLessonNo(SectionsSteps.java:6332)
	at ?.And I should see L1 Exam: Computer Basics options following to assignmentName in SAM Assignments page Lesson 1(test/resources/cengage/samlms/keyboarding/KB_Training_Assignment_Validation.feature:605)
